<?xml version="1.0" encoding="UTF-8"?>
<testsuite name="com.example.springexercises.controler.EmployeeControllerTest" tests="1" skipped="0" failures="0" errors="0" timestamp="2024-02-19T16:06:01" hostname="DESKTOP-K0M36FA" time="1.048">
  <properties/>
  <testcase name="givenNoEmployee_whenCreateEmployee_thenEmployeeCreated()" classname="com.example.springexercises.controler.EmployeeControllerTest" time="1.048"/>
  <system-out><![CDATA[17:05:54.629 [Test worker] INFO org.springframework.test.context.support.AnnotationConfigContextLoaderUtils -- Could not detect default configuration classes for test class [com.example.springexercises.controler.EmployeeControllerTest]: EmployeeControllerTest does not declare any static, non-private, non-final, nested classes annotated with @Configuration.
17:05:54.816 [Test worker] INFO org.springframework.boot.test.context.SpringBootTestContextBootstrapper -- Found @SpringBootConfiguration com.example.springexercises.SpringExercisesApplication for test class com.example.springexercises.controler.EmployeeControllerTest

  .   ____          _            __ _ _
 /\\ / ___'_ __ _ _(_)_ __  __ _ \ \ \ \
( ( )\___ | '_ | '_| | '_ \/ _` | \ \ \ \
 \\/  ___)| |_)| | | | | || (_| |  ) ) ) )
  '  |____| .__|_| |_|_| |_\__, | / / / /
 =========|_|==============|___/=/_/_/_/
 :: Spring Boot ::                (v3.1.3)

2024-02-19T17:05:55.425+01:00  INFO 15912 --- [    Test worker] c.e.s.controler.EmployeeControllerTest   : Starting EmployeeControllerTest using Java 17.0.7 with PID 15912 (started by Użytkownik in C:\Users\Użytkownik\Desktop\SpringExercises-20240213T121902Z-001\SpringExercises)
2024-02-19T17:05:55.427+01:00  INFO 15912 --- [    Test worker] c.e.s.controler.EmployeeControllerTest   : No active profile set, falling back to 1 default profile: "default"
2024-02-19T17:05:56.553+01:00  INFO 15912 --- [    Test worker] .s.d.r.c.RepositoryConfigurationDelegate : Bootstrapping Spring Data JPA repositories in DEFAULT mode.
2024-02-19T17:05:56.623+01:00  INFO 15912 --- [    Test worker] .s.d.r.c.RepositoryConfigurationDelegate : Finished Spring Data repository scanning in 58 ms. Found 1 JPA repository interfaces.
2024-02-19T17:05:57.446+01:00  INFO 15912 --- [    Test worker] o.s.b.w.embedded.tomcat.TomcatWebServer  : Tomcat initialized with port(s): 0 (http)
2024-02-19T17:05:57.464+01:00  INFO 15912 --- [    Test worker] o.apache.catalina.core.StandardService   : Starting service [Tomcat]
2024-02-19T17:05:57.465+01:00  INFO 15912 --- [    Test worker] o.apache.catalina.core.StandardEngine    : Starting Servlet engine: [Apache Tomcat/10.1.12]
2024-02-19T17:05:57.607+01:00  INFO 15912 --- [    Test worker] o.a.c.c.C.[Tomcat].[localhost].[/]       : Initializing Spring embedded WebApplicationContext
2024-02-19T17:05:57.609+01:00  INFO 15912 --- [    Test worker] w.s.c.ServletWebServerApplicationContext : Root WebApplicationContext: initialization completed in 2157 ms
2024-02-19T17:05:57.660+01:00  INFO 15912 --- [    Test worker] com.zaxxer.hikari.HikariDataSource       : HikariPool-1 - Starting...
2024-02-19T17:05:57.970+01:00  INFO 15912 --- [    Test worker] com.zaxxer.hikari.pool.HikariPool        : HikariPool-1 - Added connection conn0: url=jdbc:h2:mem:testdb user=SA
2024-02-19T17:05:57.973+01:00  INFO 15912 --- [    Test worker] com.zaxxer.hikari.HikariDataSource       : HikariPool-1 - Start completed.
2024-02-19T17:05:57.988+01:00  INFO 15912 --- [    Test worker] o.s.b.a.h2.H2ConsoleAutoConfiguration    : H2 console available at '/h2-console'. Database available at 'jdbc:h2:mem:testdb'
2024-02-19T17:05:58.211+01:00  INFO 15912 --- [    Test worker] o.hibernate.jpa.internal.util.LogHelper  : HHH000204: Processing PersistenceUnitInfo [name: default]
2024-02-19T17:05:58.342+01:00  INFO 15912 --- [    Test worker] org.hibernate.Version                    : HHH000412: Hibernate ORM core version 6.2.7.Final
2024-02-19T17:05:58.349+01:00  INFO 15912 --- [    Test worker] org.hibernate.cfg.Environment            : HHH000406: Using bytecode reflection optimizer
2024-02-19T17:05:58.658+01:00  INFO 15912 --- [    Test worker] o.h.b.i.BytecodeProviderInitiator        : HHH000021: Bytecode provider name : bytebuddy
2024-02-19T17:05:58.912+01:00  INFO 15912 --- [    Test worker] o.s.o.j.p.SpringPersistenceUnitInfo      : No LoadTimeWeaver setup: ignoring JPA class transformer
2024-02-19T17:05:59.311+01:00  INFO 15912 --- [    Test worker] o.h.b.i.BytecodeProviderInitiator        : HHH000021: Bytecode provider name : bytebuddy
2024-02-19T17:06:00.114+01:00  INFO 15912 --- [    Test worker] o.h.e.t.j.p.i.JtaPlatformInitiator       : HHH000490: Using JtaPlatform implementation: [org.hibernate.engine.transaction.jta.platform.internal.NoJtaPlatform]
2024-02-19T17:06:00.158+01:00  INFO 15912 --- [    Test worker] j.LocalContainerEntityManagerFactoryBean : Initialized JPA EntityManagerFactory for persistence unit 'default'
2024-02-19T17:06:00.695+01:00  WARN 15912 --- [    Test worker] JpaBaseConfiguration$JpaWebConfiguration : spring.jpa.open-in-view is enabled by default. Therefore, database queries may be performed during view rendering. Explicitly configure spring.jpa.open-in-view to disable this warning
2024-02-19T17:06:01.468+01:00  INFO 15912 --- [    Test worker] o.a.c.c.C.[Tomcat].[localhost].[/]       : Initializing Spring TestDispatcherServlet ''
2024-02-19T17:06:01.468+01:00  INFO 15912 --- [    Test worker] o.s.t.web.servlet.TestDispatcherServlet  : Initializing Servlet ''
2024-02-19T17:06:01.470+01:00  INFO 15912 --- [    Test worker] o.s.t.web.servlet.TestDispatcherServlet  : Completed initialization in 2 ms
2024-02-19T17:06:01.572+01:00  INFO 15912 --- [    Test worker] o.s.b.w.embedded.tomcat.TomcatWebServer  : Tomcat started on port(s): 56463 (http) with context path ''
2024-02-19T17:06:01.592+01:00  INFO 15912 --- [    Test worker] c.e.s.controler.EmployeeControllerTest   : Started EmployeeControllerTest in 6.532 seconds (process running for 8.158)
]]></system-out>
  <system-err><![CDATA[]]></system-err>
</testsuite>
